<?xml version="1.0" encoding="UTF-8"?>
<!-- Generated by org.testng.reporters.JUnitXMLReporter -->
<testsuite ignored="0" hostname="DESKTOP-4QE61OJ" failures="0" tests="3" name="Default test" time="5.315" errors="0" timestamp="2021-05-08T16:11:32 ICT">
  <testcase classname="cart_testing.CheckCart" name="addProduct" time="1.399"/>
  <testcase classname="cart_testing.CheckCart" name="totalPrice" time="1.451"/>
  <testcase classname="cart_testing.CheckCart" name="deleteProduct" time="0.17"/>
</testsuite> <!-- Default test -->
