<?xml version="1.0" encoding="UTF-8"?>
<!-- Generated by org.testng.reporters.JUnitXMLReporter -->
<testsuite ignored="0" hostname="DESKTOP-4QE61OJ" failures="0" tests="18" name="Default test" time="38.601" errors="0" timestamp="2021-05-09T16:38:56 ICT">
  <testcase classname="data_testing.DataDriven" name="getAccountData" time="0.706"/>
  <testcase classname="data_testing.DataDriven" name="getBookData" time="0.039"/>
  <testcase classname="data_testing.DataDriven" name="searchBook" time="0.005"/>
  <testcase classname="data_testing.DataDriven" name="searchBook" time="2.558"/>
  <testcase classname="data_testing.DataDriven" name="searchBook" time="2.348"/>
  <testcase classname="data_testing.DataDriven" name="searchBook" time="2.257"/>
  <testcase classname="data_testing.DataDriven" name="searchBook" time="2.314"/>
  <testcase classname="data_testing.DataDriven" name="searchBook" time="2.282"/>
  <testcase classname="data_testing.DataDriven" name="searchBook" time="2.259"/>
  <testcase classname="data_testing.DataDriven" name="searchBook" time="2.295"/>
  <testcase classname="data_testing.DataDriven" name="searchBook" time="2.283"/>
  <testcase classname="data_testing.DataDriven" name="searchBook" time="2.273"/>
  <testcase classname="data_testing.DataDriven" name="searchBook" time="2.255"/>
  <testcase classname="data_testing.DataDriven" name="searchBook" time="2.357"/>
  <testcase classname="data_testing.DataDriven" name="searchBook" time="2.31"/>
  <testcase classname="data_testing.DataDriven" name="searchBook" time="2.288"/>
  <testcase classname="data_testing.DataDriven" name="searchBook" time="2.304"/>
  <testcase classname="data_testing.DataDriven" name="searchBook" time="2.286"/>
</testsuite> <!-- Default test -->
