<?xml version="1.0" encoding="UTF-8"?>
<testng-results ignored="0" total="3" passed="3" failed="0" skipped="0">
  <reporter-output>
    <line>
      <![CDATA[=====Browser Session Started=====]]>
    </line>
    <line>
      <![CDATA[=====Application Started=====]]>
    </line>
  </reporter-output>
  <suite started-at="2021-05-08T16:11:27 ICT" name="Default suite" finished-at="2021-05-08T16:11:32 ICT" duration-ms="5315">
    <groups>
    </groups>
    <test started-at="2021-05-08T16:11:27 ICT" name="Default test" finished-at="2021-05-08T16:11:32 ICT" duration-ms="5315">
      <class name="cart_testing.CheckCart">
        <test-method is-config="true" signature="setupApplication()[pri:0, instance:cart_testing.CheckCart@5ab9e72c]" started-at="2021-05-08T16:11:27 ICT" name="setupApplication" finished-at="2021-05-08T16:11:29 ICT" duration-ms="2270" status="PASS">
          <reporter-output>
            <line>
              <![CDATA[=====Browser Session Started=====]]>
            </line>
            <line>
              <![CDATA[=====Application Started=====]]>
            </line>
          </reporter-output>
        </test-method> <!-- setupApplication -->
        <test-method signature="addProduct()[pri:1, instance:cart_testing.CheckCart@5ab9e72c]" started-at="2021-05-08T16:11:29 ICT" name="addProduct" description="This TC will check add product to shopping-cart" finished-at="2021-05-08T16:11:30 ICT" duration-ms="1399" status="PASS">
          <reporter-output>
          </reporter-output>
        </test-method> <!-- addProduct -->
        <test-method signature="totalPrice()[pri:2, instance:cart_testing.CheckCart@5ab9e72c]" started-at="2021-05-08T16:11:30 ICT" name="totalPrice" description="This TC will check total price" finished-at="2021-05-08T16:11:32 ICT" duration-ms="1451" status="PASS">
          <reporter-output>
          </reporter-output>
        </test-method> <!-- totalPrice -->
        <test-method signature="deleteProduct()[pri:3, instance:cart_testing.CheckCart@5ab9e72c]" started-at="2021-05-08T16:11:32 ICT" name="deleteProduct" description="This TC will check delete product to shopping-cart" finished-at="2021-05-08T16:11:32 ICT" duration-ms="170" status="PASS">
          <reporter-output>
          </reporter-output>
        </test-method> <!-- deleteProduct -->
      </class> <!-- cart_testing.CheckCart -->
    </test> <!-- Default test -->
  </suite> <!-- Default suite -->
</testng-results>
