<?xml version="1.0" encoding="UTF-8"?>
<testng-results ignored="0" total="1" passed="1" failed="0" skipped="0">
  <reporter-output>
    <line>
      <![CDATA[=====Browser Session Started=====]]>
    </line>
    <line>
      <![CDATA[=====Application Started=====]]>
    </line>
  </reporter-output>
  <suite started-at="2021-05-09T21:36:22 ICT" name="Default suite" finished-at="2021-05-09T21:36:28 ICT" duration-ms="5926">
    <groups>
    </groups>
    <test started-at="2021-05-09T21:36:22 ICT" name="Default test" finished-at="2021-05-09T21:36:28 ICT" duration-ms="5926">
      <class name="data_testing.Employee">
        <test-method is-config="true" signature="setupApplication()[pri:0, instance:data_testing.Employee@609db43b]" started-at="2021-05-09T21:36:22 ICT" name="setupApplication" finished-at="2021-05-09T21:36:24 ICT" duration-ms="2079" status="PASS">
          <reporter-output>
            <line>
              <![CDATA[=====Browser Session Started=====]]>
            </line>
            <line>
              <![CDATA[=====Application Started=====]]>
            </line>
          </reporter-output>
        </test-method> <!-- setupApplication -->
        <test-method signature="addBook()[pri:5, instance:data_testing.Employee@609db43b]" started-at="2021-05-09T21:36:24 ICT" name="addBook" finished-at="2021-05-09T21:36:28 ICT" duration-ms="3823" status="PASS">
          <reporter-output>
          </reporter-output>
        </test-method> <!-- addBook -->
      </class> <!-- data_testing.Employee -->
    </test> <!-- Default test -->
  </suite> <!-- Default suite -->
</testng-results>
